[2020-10-13 17:11:17] local.ERROR: Changing columns for table "list_locations" requires Doctrine DBAL. Please install the doctrine/dbal package. {"exception":"[object] (RuntimeException(code: 0): Changing columns for table \"list_locations\" requires Doctrine DBAL. Please install the doctrine/dbal package. at C:\\Users\\Swift3\\Downloads\\Compressed\\DolanKuy-backend-master\\DolanKuy-backend-master\\vendor\\laravel\\framework\\src\\Illuminate\\Database\\Schema\\Grammars\\ChangeColumn.php:30)
[stacktrace]
#0 C:\\Users\\Swift3\\Downloads\\Compressed\\DolanKuy-backend-master\\DolanKuy-backend-master\\vendor\\laravel\\framework\\src\\Illuminate\\Database\\Schema\\Grammars\\Grammar.php(55): Illuminate\\Database\\Schema\\Grammars\\ChangeColumn::compile(Object(Illuminate\\Database\\Schema\\Grammars\\MySqlGrammar), Object(Illuminate\\Database\\Schema\\Blueprint), Object(Illuminate\\Support\\Fluent), Object(Illuminate\\Database\\MySqlConnection))
#1 C:\\Users\\Swift3\\Downloads\\Compressed\\DolanKuy-backend-master\\DolanKuy-backend-master\\vendor\\laravel\\framework\\src\\Illuminate\\Database\\Schema\\Blueprint.php(129): Illuminate\\Database\\Schema\\Grammars\\Grammar->compileChange(Object(Illuminate\\Database\\Schema\\Blueprint), Object(Illuminate\\Support\\Fluent), Object(Illuminate\\Database\\MySqlConnection))
#2 C:\\Users\\Swift3\\Downloads\\Compressed\\DolanKuy-backend-master\\DolanKuy-backend-master\\vendor\\laravel\\framework\\src\\Illuminate\\Database\\Schema\\Blueprint.php(102): Illuminate\\Database\\Schema\\Blueprint->toSql(Object(Illuminate\\Database\\MySqlConnection), Object(Illuminate\\Database\\Schema\\Grammars\\MySqlGrammar))
#3 C:\\Users\\Swift3\\Downloads\\Compressed\\DolanKuy-backend-master\\DolanKuy-backend-master\\vendor\\laravel\\framework\\src\\Illuminate\\Database\\Schema\\Builder.php(337): Illuminate\\Database\\Schema\\Blueprint->build(Object(Illuminate\\Database\\MySqlConnection), Object(Illuminate\\Database\\Schema\\Grammars\\MySqlGrammar))
#4 C:\\Users\\Swift3\\Downloads\\Compressed\\DolanKuy-backend-master\\DolanKuy-backend-master\\vendor\\laravel\\framework\\src\\Illuminate\\Database\\Schema\\Builder.php(184): Illuminate\\Database\\Schema\\Builder->build(Object(Illuminate\\Database\\Schema\\Blueprint))
#5 C:\\Users\\Swift3\\Downloads\\Compressed\\DolanKuy-backend-master\\DolanKuy-backend-master\\vendor\\laravel\\framework\\src\\Illuminate\\Support\\Facades\\Facade.php(261): Illuminate\\Database\\Schema\\Builder->table('list_locations', Object(Closure))
#6 C:\\Users\\Swift3\\Downloads\\Compressed\\DolanKuy-backend-master\\DolanKuy-backend-master\\database\\migrations\\2020_10_13_160858_relasi_list_location_table.php(20): Illuminate\\Support\\Facades\\Facade::__callStatic('table', Array)
#7 C:\\Users\\Swift3\\Downloads\\Compressed\\DolanKuy-backend-master\\DolanKuy-backend-master\\vendor\\laravel\\framework\\src\\Illuminate\\Database\\Migrations\\Migrator.php(392): RelasiListLocationTable->up()
#8 C:\\Users\\Swift3\\Downloads\\Compressed\\DolanKuy-backend-master\\DolanKuy-backend-master\\vendor\\laravel\\framework\\src\\Illuminate\\Database\\Migrations\\Migrator.php(401): Illuminate\\Database\\Migrations\\Migrator->Illuminate\\Database\\Migrations\\{closure}()
#9 C:\\Users\\Swift3\\Downloads\\Compressed\\DolanKuy-backend-master\\DolanKuy-backend-master\\vendor\\laravel\\framework\\src\\Illuminate\\Database\\Migrations\\Migrator.php(200): Illuminate\\Database\\Migrations\\Migrator->runMigration(Object(RelasiListLocationTable), 'up')
#10 C:\\Users\\Swift3\\Downloads\\Compressed\\DolanKuy-backend-master\\DolanKuy-backend-master\\vendor\\laravel\\framework\\src\\Illuminate\\Database\\Migrations\\Migrator.php(165): Illuminate\\Database\\Migrations\\Migrator->runUp('C:\\\\Users\\\\Swift3...', 1, false)
#11 C:\\Users\\Swift3\\Downloads\\Compressed\\DolanKuy-backend-master\\DolanKuy-backend-master\\vendor\\laravel\\framework\\src\\Illuminate\\Database\\Migrations\\Migrator.php(110): Illuminate\\Database\\Migrations\\Migrator->runPending(Array, Array)
#12 C:\\Users\\Swift3\\Downloads\\Compressed\\DolanKuy-backend-master\\DolanKuy-backend-master\\vendor\\laravel\\framework\\src\\Illuminate\\Database\\Console\\Migrations\\MigrateCommand.php(85): Illuminate\\Database\\Migrations\\Migrator->run(Array, Array)
#13 C:\\Users\\Swift3\\Downloads\\Compressed\\DolanKuy-backend-master\\DolanKuy-backend-master\\vendor\\laravel\\framework\\src\\Illuminate\\Database\\Migrations\\Migrator.php(541): Illuminate\\Database\\Console\\Migrations\\MigrateCommand->Illuminate\\Database\\Console\\Migrations\\{closure}()
#14 C:\\Users\\Swift3\\Downloads\\Compressed\\DolanKuy-backend-master\\DolanKuy-backend-master\\vendor\\laravel\\framework\\src\\Illuminate\\Database\\Console\\Migrations\\MigrateCommand.php(94): Illuminate\\Database\\Migrations\\Migrator->usingConnection(NULL, Object(Closure))
#15 [internal function]: Illuminate\\Database\\Console\\Migrations\\MigrateCommand->handle()
#16 C:\\Users\\Swift3\\Downloads\\Compressed\\DolanKuy-backend-master\\DolanKuy-backend-master\\vendor\\laravel\\framework\\src\\Illuminate\\Container\\BoundMethod.php(37): call_user_func_array(Array, Array)
#17 C:\\Users\\Swift3\\Downloads\\Compressed\\DolanKuy-backend-master\\DolanKuy-backend-master\\vendor\\laravel\\framework\\src\\Illuminate\\Container\\Util.php(40): Illuminate\\Container\\BoundMethod::Illuminate\\Container\\{closure}()
#18 C:\\Users\\Swift3\\Downloads\\Compressed\\DolanKuy-backend-master\\DolanKuy-backend-master\\vendor\\laravel\\framework\\src\\Illuminate\\Container\\BoundMethod.php(95): Illuminate\\Container\\Util::unwrapIfClosure(Object(Closure))
#19 C:\\Users\\Swift3\\Downloads\\Compressed\\DolanKuy-backend-master\\DolanKuy-backend-master\\vendor\\laravel\\framework\\src\\Illuminate\\Container\\BoundMethod.php(39): Illuminate\\Container\\BoundMethod::callBoundMethod(Object(Illuminate\\Foundation\\Application), Array, Object(Closure))
#20 C:\\Users\\Swift3\\Downloads\\Compressed\\DolanKuy-backend-master\\DolanKuy-backend-master\\vendor\\laravel\\framework\\src\\Illuminate\\Container\\Container.php(596): Illuminate\\Container\\BoundMethod::call(Object(Illuminate\\Foundation\\Application), Array, Array, NULL)
#21 C:\\Users\\Swift3\\Downloads\\Compressed\\DolanKuy-backend-master\\DolanKuy-backend-master\\vendor\\laravel\\framework\\src\\Illuminate\\Console\\Command.php(136): Illuminate\\Container\\Container->call(Array)
#22 C:\\Users\\Swift3\\Downloads\\Compressed\\DolanKuy-backend-master\\DolanKuy-backend-master\\vendor\\symfony\\console\\Command\\Command.php(258): Illuminate\\Console\\Command->execute(Object(Symfony\\Component\\Console\\Input\\ArgvInput), Object(Illuminate\\Console\\OutputStyle))
#23 C:\\Users\\Swift3\\Downloads\\Compressed\\DolanKuy-backend-master\\DolanKuy-backend-master\\vendor\\laravel\\framework\\src\\Illuminate\\Console\\Command.php(121): Symfony\\Component\\Console\\Command\\Command->run(Object(Symfony\\Component\\Console\\Input\\ArgvInput), Object(Illuminate\\Console\\OutputStyle))
#24 C:\\Users\\Swift3\\Downloads\\Compressed\\DolanKuy-backend-master\\DolanKuy-backend-master\\vendor\\symfony\\console\\Application.php(920): Illuminate\\Console\\Command->run(Object(Symfony\\Component\\Console\\Input\\ArgvInput), Object(Symfony\\Component\\Console\\Output\\ConsoleOutput))
#25 C:\\Users\\Swift3\\Downloads\\Compressed\\DolanKuy-backend-master\\DolanKuy-backend-master\\vendor\\symfony\\console\\Application.php(266): Symfony\\Component\\Console\\Application->doRunCommand(Object(Illuminate\\Database\\Console\\Migrations\\MigrateCommand), Object(Symfony\\Component\\Console\\Input\\ArgvInput), Object(Symfony\\Component\\Console\\Output\\ConsoleOutput))
#26 C:\\Users\\Swift3\\Downloads\\Compressed\\DolanKuy-backend-master\\DolanKuy-backend-master\\vendor\\symfony\\console\\Application.php(142): Symfony\\Component\\Console\\Application->doRun(Object(Symfony\\Component\\Console\\Input\\ArgvInput), Object(Symfony\\Component\\Console\\Output\\ConsoleOutput))
#27 C:\\Users\\Swift3\\Downloads\\Compressed\\DolanKuy-backend-master\\DolanKuy-backend-master\\vendor\\laravel\\framework\\src\\Illuminate\\Console\\Application.php(93): Symfony\\Component\\Console\\Application->run(Object(Symfony\\Component\\Console\\Input\\ArgvInput), Object(Symfony\\Component\\Console\\Output\\ConsoleOutput))
#28 C:\\Users\\Swift3\\Downloads\\Compressed\\DolanKuy-backend-master\\DolanKuy-backend-master\\vendor\\laravel\\framework\\src\\Illuminate\\Foundation\\Console\\Kernel.php(129): Illuminate\\Console\\Application->run(Object(Symfony\\Component\\Console\\Input\\ArgvInput), Object(Symfony\\Component\\Console\\Output\\ConsoleOutput))
#29 C:\\Users\\Swift3\\Downloads\\Compressed\\DolanKuy-backend-master\\DolanKuy-backend-master\\artisan(37): Illuminate\\Foundation\\Console\\Kernel->handle(Object(Symfony\\Component\\Console\\Input\\ArgvInput), Object(Symfony\\Component\\Console\\Output\\ConsoleOutput))
#30 {main}
"} 
